[befrinagusta.github.io/Befrin_portfolio/index.html]
[backblue.gif]
[fade.gif]
[index.html]
[befrinagusta.github.io/Befrin_portfolio/style.css]
[kit.fontawesome.com/a076d05399.js]
[code.jquery.com/jquery-3.5.1.min.js]
[cdnjs.cloudflare.com/ajax/libs/typed.js/2.0.11/typed.min.js]
[cdnjs.cloudflare.com/ajax/libs/waypoints/4.0.1/jquery.waypoints.min.js]
[cdnjs.cloudflare.com/ajax/libs/OwlCarousel2/2.3.4/owl.carousel.min.js]
[cdnjs.cloudflare.com/ajax/libs/OwlCarousel2/2.3.4/assets/owl.carousel.min.css]
[befrinagusta.github.io/Befrin_portfolio/profile-1.jpg]
[befrinagusta.github.io/Befrin_portfolio/profile-2.jpg]
[befrinagusta.github.io/Befrin_portfolio/profile-3.jpg]
[befrinagusta.github.io/Befrin_portfolio/profile-4.jpg]
[befrinagusta.github.io/Befrin_portfolio/profile-5.jpg]
[befrinagusta.github.io/Befrin_portfolio/script.js]
[befrinagusta.github.io/Befrin_portfolio/index.html]
[befrinagusta.github.io/Befrin_portfolio/banner.jpg]
[befrinagusta.github.io/Befrin_portfolio/style.css]
[cdnjs.cloudflare.com/ajax/libs/OwlCarousel2/2.3.4/assets/owl.carousel.min.css]
[cdnjs.cloudflare.com/ajax/libs/OwlCarousel2/2.3.4/assets/owl.video.play.png]
